<?xml version="1.0" encoding="UTF-8"?>
<!-- Generated by org.testng.reporters.JUnitReportReporter -->
<testsuite skipped="0" hostname="IQA_Yogesh-T" name="com.tests.LoginTest" tests="1" failures="0" timestamp="2020-05-07T09:27:17 IST" time="0.008" errors="0">
  <testcase name="test1" time="0.008" classname="com.tests.LoginTest"/>
  <system-out/>
</testsuite> <!-- com.tests.LoginTest -->
